[19/Aug/2011:12:47:09 -0400] Server.httpServe: START (EventLoopSimple)
[19/Aug/2011:12:47:25 -0400] Server.httpServe: START (EventLoopSimple)
[19/Aug/2011:12:47:33 -0400] Server.httpServe: SHUTDOWN
[19/Aug/2011:12:47:33 -0400] Server.httpServe: BACKEND STOPPED
[19/Aug/2011:19:51:08 +0000] Server.httpServe: START (EventLoopSimple)
[19/Aug/2011:19:51:20 +0000] Server.httpServe: START (EventLoopSimple)
[19/Aug/2011:19:51:27 +0000] Server.httpServe: SHUTDOWN
[19/Aug/2011:19:51:56 +0000] Server.httpServe: START (EventLoopSimple)
[19/Aug/2011:19:52:00 +0000] Server.httpServe: START (EventLoopSimple)
[19/Aug/2011:19:52:04 +0000] Server.httpServe: START (EventLoopSimple)
[19/Aug/2011:19:52:06 +0000] Server.httpServe: START (EventLoopSimple)
[19/Aug/2011:19:52:15 +0000] Server.httpServe: START (EventLoopSimple)
[19/Aug/2011:20:15:38 +0000] Server.httpServe: START (EventLoopSimple)
[19/Aug/2011:20:15:42 +0000] Server.httpServe: START (EventLoopSimple)
[19/Aug/2011:20:23:28 +0000] Server.httpServe: SHUTDOWN
[19/Aug/2011:20:32:00 +0000] Server.httpServe: START (EventLoopSimple)
[19/Aug/2011:20:32:06 +0000] Server.httpServe: START (EventLoopSimple)
[19/Aug/2011:20:37:06 +0000] Server.httpServe: START (EventLoopSimple)
[19/Aug/2011:20:38:39 +0000] Server.httpServe: SHUTDOWN
[19/Aug/2011:20:38:39 +0000] Server.httpServe: BACKEND STOPPED
[19/Aug/2011:20:40:01 +0000] Server.httpServe: START (EventLoopSimple)
[19/Aug/2011:20:42:41 +0000] Server.httpServe: SHUTDOWN
[19/Aug/2011:20:42:41 +0000] Server.httpServe: BACKEND STOPPED
